Determining if the pthread_create exist failed with the following output:
Change Dir: /home/hashnick/Documentos/Semestre 9/Computación Paralela y Distribuida/Paralela/Practica 3/CMakeFiles/CMakeTmp

Run Build Command:"/usr/bin/make" "cmTC_f2a4a/fast"
/usr/bin/make -f CMakeFiles/cmTC_f2a4a.dir/build.make CMakeFiles/cmTC_f2a4a.dir/build
make[1]: se entra en el directorio '/home/hashnick/Documentos/Semestre 9/Computación Paralela y Distribuida/Paralela/Practica 3/CMakeFiles/CMakeTmp'
Building C object CMakeFiles/cmTC_f2a4a.dir/CheckSymbolExists.c.o
/usr/bin/cc    -fPIC    -o CMakeFiles/cmTC_f2a4a.dir/CheckSymbolExists.c.o   -c "/home/hashnick/Documentos/Semestre 9/Computación Paralela y Distribuida/Paralela/Practica 3/CMakeFiles/CMakeTmp/CheckSymbolExists.c"
Linking C executable cmTC_f2a4a
/usr/bin/cmake -E cmake_link_script CMakeFiles/cmTC_f2a4a.dir/link.txt --verbose=1
/usr/bin/cc  -fPIC     CMakeFiles/cmTC_f2a4a.dir/CheckSymbolExists.c.o  -o cmTC_f2a4a -rdynamic 
CMakeFiles/cmTC_f2a4a.dir/CheckSymbolExists.c.o: En la función `main':
CheckSymbolExists.c:(.text+0x1b): referencia a `pthread_create' sin definir
collect2: error: ld returned 1 exit status
CMakeFiles/cmTC_f2a4a.dir/build.make:97: fallo en las instrucciones para el objetivo 'cmTC_f2a4a'
make[1]: *** [cmTC_f2a4a] Error 1
make[1]: se sale del directorio '/home/hashnick/Documentos/Semestre 9/Computación Paralela y Distribuida/Paralela/Practica 3/CMakeFiles/CMakeTmp'
Makefile:126: fallo en las instrucciones para el objetivo 'cmTC_f2a4a/fast'
make: *** [cmTC_f2a4a/fast] Error 2

File /home/hashnick/Documentos/Semestre 9/Computación Paralela y Distribuida/Paralela/Practica 3/CMakeFiles/CMakeTmp/CheckSymbolExists.c:
/* */
#include <pthread.h>

int main(int argc, char** argv)
{
  (void)argv;
#ifndef pthread_create
  return ((int*)(&pthread_create))[argc];
#else
  (void)argc;
  return 0;
#endif
}

Determining if the function pthread_create exists in the pthreads failed with the following output:
Change Dir: /home/hashnick/Documentos/Semestre 9/Computación Paralela y Distribuida/Paralela/Practica 3/CMakeFiles/CMakeTmp

Run Build Command:"/usr/bin/make" "cmTC_e0a5f/fast"
/usr/bin/make -f CMakeFiles/cmTC_e0a5f.dir/build.make CMakeFiles/cmTC_e0a5f.dir/build
make[1]: se entra en el directorio '/home/hashnick/Documentos/Semestre 9/Computación Paralela y Distribuida/Paralela/Practica 3/CMakeFiles/CMakeTmp'
Building C object CMakeFiles/cmTC_e0a5f.dir/CheckFunctionExists.c.o
/usr/bin/cc    -fPIC -DCHECK_FUNCTION_EXISTS=pthread_create   -o CMakeFiles/cmTC_e0a5f.dir/CheckFunctionExists.c.o   -c /usr/share/cmake-3.5/Modules/CheckFunctionExists.c
Linking C executable cmTC_e0a5f
/usr/bin/cmake -E cmake_link_script CMakeFiles/cmTC_e0a5f.dir/link.txt --verbose=1
/usr/bin/cc  -fPIC -DCHECK_FUNCTION_EXISTS=pthread_create    CMakeFiles/cmTC_e0a5f.dir/CheckFunctionExists.c.o  -o cmTC_e0a5f -rdynamic -lpthreads 
/usr/bin/ld: no se puede encontrar -lpthreads
collect2: error: ld returned 1 exit status
CMakeFiles/cmTC_e0a5f.dir/build.make:97: fallo en las instrucciones para el objetivo 'cmTC_e0a5f'
make[1]: *** [cmTC_e0a5f] Error 1
make[1]: se sale del directorio '/home/hashnick/Documentos/Semestre 9/Computación Paralela y Distribuida/Paralela/Practica 3/CMakeFiles/CMakeTmp'
Makefile:126: fallo en las instrucciones para el objetivo 'cmTC_e0a5f/fast'
make: *** [cmTC_e0a5f/fast] Error 2


